Determining if the pthread_create exist failed with the following output:
Change Dir: /home/pedrohrpbs/catkin_ws_NAVIO/src/flight_scenario/build/CMakeFiles/CMakeTmp

Run Build Command:"/usr/bin/make" "cmTC_4dffb/fast"
/usr/bin/make -f CMakeFiles/cmTC_4dffb.dir/build.make CMakeFiles/cmTC_4dffb.dir/build
make[1]: Entering directory '/home/pedrohrpbs/catkin_ws_NAVIO/src/flight_scenario/build/CMakeFiles/CMakeTmp'
Building C object CMakeFiles/cmTC_4dffb.dir/CheckSymbolExists.c.o
/usr/bin/x86_64-linux-gnu-gcc-7    -o CMakeFiles/cmTC_4dffb.dir/CheckSymbolExists.c.o   -c /home/pedrohrpbs/catkin_ws_NAVIO/src/flight_scenario/build/CMakeFiles/CMakeTmp/CheckSymbolExists.c
Linking C executable cmTC_4dffb
/usr/bin/cmake -E cmake_link_script CMakeFiles/cmTC_4dffb.dir/link.txt --verbose=1
/usr/bin/x86_64-linux-gnu-gcc-7      -rdynamic CMakeFiles/cmTC_4dffb.dir/CheckSymbolExists.c.o  -o cmTC_4dffb 
CMakeFiles/cmTC_4dffb.dir/CheckSymbolExists.c.o: In function `main':
CheckSymbolExists.c:(.text+0x1b): undefined reference to `pthread_create'
collect2: error: ld returned 1 exit status
CMakeFiles/cmTC_4dffb.dir/build.make:97: recipe for target 'cmTC_4dffb' failed
make[1]: *** [cmTC_4dffb] Error 1
make[1]: Leaving directory '/home/pedrohrpbs/catkin_ws_NAVIO/src/flight_scenario/build/CMakeFiles/CMakeTmp'
Makefile:126: recipe for target 'cmTC_4dffb/fast' failed
make: *** [cmTC_4dffb/fast] Error 2

File /home/pedrohrpbs/catkin_ws_NAVIO/src/flight_scenario/build/CMakeFiles/CMakeTmp/CheckSymbolExists.c:
/* */
#include <pthread.h>

int main(int argc, char** argv)
{
  (void)argv;
#ifndef pthread_create
  return ((int*)(&pthread_create))[argc];
#else
  (void)argc;
  return 0;
#endif
}

Determining if the function pthread_create exists in the pthreads failed with the following output:
Change Dir: /home/pedrohrpbs/catkin_ws_NAVIO/src/flight_scenario/build/CMakeFiles/CMakeTmp

Run Build Command:"/usr/bin/make" "cmTC_97ebf/fast"
/usr/bin/make -f CMakeFiles/cmTC_97ebf.dir/build.make CMakeFiles/cmTC_97ebf.dir/build
make[1]: Entering directory '/home/pedrohrpbs/catkin_ws_NAVIO/src/flight_scenario/build/CMakeFiles/CMakeTmp'
Building C object CMakeFiles/cmTC_97ebf.dir/CheckFunctionExists.c.o
/usr/bin/x86_64-linux-gnu-gcc-7   -DCHECK_FUNCTION_EXISTS=pthread_create   -o CMakeFiles/cmTC_97ebf.dir/CheckFunctionExists.c.o   -c /usr/share/cmake-3.10/Modules/CheckFunctionExists.c
Linking C executable cmTC_97ebf
/usr/bin/cmake -E cmake_link_script CMakeFiles/cmTC_97ebf.dir/link.txt --verbose=1
/usr/bin/x86_64-linux-gnu-gcc-7  -DCHECK_FUNCTION_EXISTS=pthread_create    -rdynamic CMakeFiles/cmTC_97ebf.dir/CheckFunctionExists.c.o  -o cmTC_97ebf -lpthreads 
/usr/bin/ld: cannot find -lpthreads
collect2: error: ld returned 1 exit status
CMakeFiles/cmTC_97ebf.dir/build.make:97: recipe for target 'cmTC_97ebf' failed
make[1]: *** [cmTC_97ebf] Error 1
make[1]: Leaving directory '/home/pedrohrpbs/catkin_ws_NAVIO/src/flight_scenario/build/CMakeFiles/CMakeTmp'
Makefile:126: recipe for target 'cmTC_97ebf/fast' failed
make: *** [cmTC_97ebf/fast] Error 2


